[debug] [2023-07-23T21:17:30.345Z] ----------------------------------------------------------------------
[debug] [2023-07-23T21:17:30.347Z] Command:       C:\Program Files\nodejs\node.exe C:\Users\ragha\AppData\Roaming\npm\node_modules\firebase-tools\lib\bin\firebase.js init
[debug] [2023-07-23T21:17:30.347Z] CLI Version:   12.4.5
[debug] [2023-07-23T21:17:30.347Z] Platform:      win32
[debug] [2023-07-23T21:17:30.348Z] Node Version:  v18.17.0
[debug] [2023-07-23T21:17:30.349Z] Time:          Mon Jul 24 2023 02:47:30 GMT+0530 (India Standard Time)
[debug] [2023-07-23T21:17:30.349Z] ----------------------------------------------------------------------
[debug] 
[debug] [2023-07-23T21:17:30.356Z] > command requires scopes: ["email","openid","https://www.googleapis.com/auth/cloudplatformprojects.readonly","https://www.googleapis.com/auth/firebase","https://www.googleapis.com/auth/cloud-platform"]
[debug] [2023-07-23T21:17:30.356Z] > authorizing via signed-in user (vicky.kumar10sep@gmail.com)
[info] 
     ######## #### ########  ######## ########     ###     ######  ########
     ##        ##  ##     ## ##       ##     ##  ##   ##  ##       ##
     ######    ##  ########  ######   ########  #########  ######  ######
     ##        ##  ##    ##  ##       ##     ## ##     ##       ## ##
     ##       #### ##     ## ######## ########  ##     ##  ######  ########

You're about to initialize a Firebase project in this directory:

  C:\Users\ragha\OneDrive\Documents\CS Guy\HTML, CSS & JavaScript\Jackie Scoreboard

[info] 
=== Account Setup
[info] 
[info] Which account do you want to use for this project? Choose an account or add a new one now
[info] 
[debug] [2023-07-23T21:17:37.664Z] setProjectAccount(C:\Users\ragha\OneDrive\Documents\CS Guy\HTML, CSS & JavaScript\Jackie Scoreboard, raghavgoel2701@gmail.com)
[info] 
[info] +  Using account: raghavgoel2701@gmail.com 
[info] 
=== Project Setup
[info] 
[info] First, let's associate this project directory with a Firebase project.
[info] You can create multiple project aliases by running firebase use --add, 
[info] but for now we'll just set up a default project.
[info] 
[debug] [2023-07-23T21:17:38.915Z] > refreshing access token with scopes: []
[debug] [2023-07-23T21:17:38.918Z] >>> [apiv2][query] POST https://www.googleapis.com/oauth2/v3/token [none]
[debug] [2023-07-23T21:17:38.918Z] >>> [apiv2][body] POST https://www.googleapis.com/oauth2/v3/token [omitted]
[debug] [2023-07-23T21:17:39.296Z] <<< [apiv2][status] POST https://www.googleapis.com/oauth2/v3/token 200
[debug] [2023-07-23T21:17:39.296Z] <<< [apiv2][body] POST https://www.googleapis.com/oauth2/v3/token [omitted]
[debug] [2023-07-23T21:17:39.311Z] >>> [apiv2][query] GET https://firebase.googleapis.com/v1beta1/projects pageSize=100
[debug] [2023-07-23T21:17:40.599Z] <<< [apiv2][status] GET https://firebase.googleapis.com/v1beta1/projects 200
[debug] [2023-07-23T21:17:40.599Z] <<< [apiv2][body] GET https://firebase.googleapis.com/v1beta1/projects [omitted]
[info] i  Using project jackie-scoreboard (Jackie Scoreboard) 
[info] 
=== Database Setup
[info] i  database: ensuring required API firebasedatabase.googleapis.com is enabled... 
[debug] [2023-07-23T21:17:42.631Z] >>> [apiv2][query] GET https://serviceusage.googleapis.com/v1/projects/jackie-scoreboard/services/firebasedatabase.googleapis.com [none]
[debug] [2023-07-23T21:17:42.631Z] >>> [apiv2][(partial)header] GET https://serviceusage.googleapis.com/v1/projects/jackie-scoreboard/services/firebasedatabase.googleapis.com x-goog-quota-user=projects/jackie-scoreboard
[debug] [2023-07-23T21:17:45.214Z] <<< [apiv2][status] GET https://serviceusage.googleapis.com/v1/projects/jackie-scoreboard/services/firebasedatabase.googleapis.com 200
[debug] [2023-07-23T21:17:45.215Z] <<< [apiv2][body] GET https://serviceusage.googleapis.com/v1/projects/jackie-scoreboard/services/firebasedatabase.googleapis.com [omitted]
[info] +  database: required API firebasedatabase.googleapis.com is enabled 
[info] 
[debug] [2023-07-23T21:17:45.217Z] >>> [apiv2][query] GET https://firebasedatabase.googleapis.com/v1beta/projects/jackie-scoreboard/locations/-/instances/jackie-scoreboard-default-rtdb [none]
[debug] [2023-07-23T21:17:47.382Z] <<< [apiv2][status] GET https://firebasedatabase.googleapis.com/v1beta/projects/jackie-scoreboard/locations/-/instances/jackie-scoreboard-default-rtdb 200
[debug] [2023-07-23T21:17:47.384Z] <<< [apiv2][body] GET https://firebasedatabase.googleapis.com/v1beta/projects/jackie-scoreboard/locations/-/instances/jackie-scoreboard-default-rtdb {"name":"projects/952592407267/locations/asia-southeast1/instances/jackie-scoreboard-default-rtdb","project":"projects/952592407267","databaseUrl":"https://jackie-scoreboard-default-rtdb.asia-southeast1.firebasedatabase.app","type":"DEFAULT_DATABASE","state":"ACTIVE"}
[info] 
[info] Firebase Realtime Database Security Rules allow you to define how your data should be
[info] structured and when your data can be read from and written to.
[info] 
[debug] [2023-07-23T21:17:54.861Z] >>> [apiv2][query] GET https://jackie-scoreboard-default-rtdb.asia-southeast1.firebasedatabase.app/.settings/rules.json [none]
[debug] [2023-07-23T21:17:55.441Z] <<< [apiv2][status] GET https://jackie-scoreboard-default-rtdb.asia-southeast1.firebasedatabase.app/.settings/rules.json 200
[debug] [2023-07-23T21:17:55.441Z] <<< [apiv2][body] GET https://jackie-scoreboard-default-rtdb.asia-southeast1.firebasedatabase.app/.settings/rules.json [stream]
[info] +  Database Rules for jackie-scoreboard-default-rtdb have been written to database.rules.json. 
[info] Future modifications to database.rules.json will update Realtime Database Security Rules when you run
[info] firebase deploy.
[info] 
=== Hosting Setup
[info] 
[info] Your public directory is the folder (relative to your project directory) that
[info] will contain Hosting assets to be uploaded with firebase deploy. If you
[info] have a build process for your assets, use your build's output directory.
[info] 
[info] +  Wrote public/404.html 
[debug] [2023-07-23T21:18:32.735Z] >>> [apiv2][query] GET https://www.gstatic.com/firebasejs/releases.json [none]
[debug] [2023-07-23T21:18:33.047Z] <<< [apiv2][status] GET https://www.gstatic.com/firebasejs/releases.json 200
[debug] [2023-07-23T21:18:33.048Z] <<< [apiv2][body] GET https://www.gstatic.com/firebasejs/releases.json {"current":{"version":"10.1.0","browserURL":"https://www.gstatic.com/firebasejs/10.1.0/firebase.js","packageURL":"https://www.gstatic.com/firebasejs/10.1.0/firebase.tgz"},"live":{"version":"10.1","browserURL":"https://www.gstatic.com/firebasejs/live/10.1/firebase.js","packageURL":"https://www.gstatic.com/firebasejs/live/10.1/firebase.tgz"},"components":{"analytics":"https://www.gstatic.com/firebasejs/10.1.0/firebase-analytics.js","app":"https://www.gstatic.com/firebasejs/10.1.0/firebase-app.js","app-check":"https://www.gstatic.com/firebasejs/10.1.0/firebase-app-check.js","auth":"https://www.gstatic.com/firebasejs/10.1.0/firebase-auth.js","auth/cordova":"https://www.gstatic.com/firebasejs/10.1.0/firebase-auth/cordova.js","functions":"https://www.gstatic.com/firebasejs/10.1.0/firebase-functions.js","firestore":"https://www.gstatic.com/firebasejs/10.1.0/firebase-firestore.js","firestore/lite":"https://www.gstatic.com/firebasejs/10.1.0/firebase-firestore/lite.js","installations":"https://www.gstatic.com/firebasejs/10.1.0/firebase-installations.js","storage":"https://www.gstatic.com/firebasejs/10.1.0/firebase-storage.js","performance":"https://www.gstatic.com/firebasejs/10.1.0/firebase-performance.js","remote-config":"https://www.gstatic.com/firebasejs/10.1.0/firebase-remote-config.js","messaging":"https://www.gstatic.com/firebasejs/10.1.0/firebase-messaging.js","messaging/sw":"https://www.gstatic.com/firebasejs/10.1.0/firebase-messaging/sw.js","database":"https://www.gstatic.com/firebasejs/10.1.0/firebase-database.js","firestore.memory":"https://www.gstatic.com/firebasejs/10.1.0/firebase-firestore.memory.js"}}
[info] +  Wrote public/index.html 
[info] 
[info] i  Didn't detect a .git folder. Assuming C:\Users\ragha\OneDrive\Documents\CS Guy\HTML, CSS & JavaScript\Jackie Scoreboard is the project root. 
[info] i  Authorizing with GitHub to upload your service account to a GitHub repository's secrets store. 
[info] 
[info] Visit this URL on this device to log in:
[info] https://github.com/login/oauth/authorize?client_id=89cf50f02ac6aaed3484&state=540177760&redirect_uri=http%3A%2F%2Flocalhost%3A9005&scope=read%3Auser%20repo%20public_repo
[info] 
[info] Waiting for authentication...
[debug] [2023-07-23T21:18:40.835Z] >>> [apiv2][query] POST https://github.com/login/oauth/access_token [none]
[debug] [2023-07-23T21:18:40.835Z] >>> [apiv2][body] POST https://github.com/login/oauth/access_token [stream]
[debug] [2023-07-23T21:18:41.315Z] <<< [apiv2][status] POST https://github.com/login/oauth/access_token 200
[debug] [2023-07-23T21:18:41.315Z] <<< [apiv2][body] POST https://github.com/login/oauth/access_token {"access_token":"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","token_type":"bearer","scope":"read:user,repo"}
[debug] [2023-07-23T21:18:41.338Z] >>> [apiv2][query] GET https://api.github.com/user [none]
[debug] [2023-07-23T21:18:41.903Z] <<< [apiv2][status] GET https://api.github.com/user 200
[debug] [2023-07-23T21:18:41.904Z] <<< [apiv2][body] GET https://api.github.com/user {"login":"raggzy271","id":70934347,"node_id":"MDQ6VXNlcjcwOTM0MzQ3","avatar_url":"https://avatars.githubusercontent.com/u/70934347?v=4","gravatar_id":"","url":"https://api.github.com/users/raggzy271","html_url":"https://github.com/raggzy271","followers_url":"https://api.github.com/users/raggzy271/followers","following_url":"https://api.github.com/users/raggzy271/following{/other_user}","gists_url":"https://api.github.com/users/raggzy271/gists{/gist_id}","starred_url":"https://api.github.com/users/raggzy271/starred{/owner}{/repo}","subscriptions_url":"https://api.github.com/users/raggzy271/subscriptions","organizations_url":"https://api.github.com/users/raggzy271/orgs","repos_url":"https://api.github.com/users/raggzy271/repos","events_url":"https://api.github.com/users/raggzy271/events{/privacy}","received_events_url":"https://api.github.com/users/raggzy271/received_events","type":"User","site_admin":false,"name":"Raghav","company":null,"blog":"","location":"Mussoorie, Uttarakhand","email":null,"hireable":true,"bio":null,"twitter_username":null,"public_repos":19,"public_gists":0,"followers":5,"following":6,"created_at":"2020-09-08T05:18:29Z","updated_at":"2023-07-07T12:06:48Z","private_gists":0,"total_private_repos":4,"owned_private_repos":4,"disk_usage":187521,"collaborators":2,"two_factor_authentication":false,"plan":{"name":"pro","space":976562499,"collaborators":0,"private_repos":9999}}
[info] 
[info] +  Success! Logged into GitHub as raggzy271 
[info] 
